<?xml version="1.0" encoding="UTF-8"?>
<!-- Generated by org.testng.reporters.JUnitXMLReporter -->
<testsuite ignored="3" hostname="DESKTOP-RC0V6OD" failures="0" tests="1" name="Default test" time="35.879" errors="0" timestamp="2022-02-18T09:40:51 PST">
  <testcase classname="Test.Registrationtest" name="login" time="35.811"/>
  <testcase classname="Test.Registrationtest" name="login2" time="0.0">
    <ignored/>
  </testcase> <!-- login2 -->
  <testcase classname="Test.Registrationtest" name="registrationcomplete" time="0.0">
    <ignored/>
  </testcase> <!-- registrationcomplete -->
  <testcase classname="Test.Registrationtest" name="registrationcomplete2" time="0.0">
    <ignored/>
  </testcase> <!-- registrationcomplete2 -->
</testsuite> <!-- Default test -->
