<?xml version="1.0" encoding="UTF-8"?>
<testng-results ignored="3" total="4" passed="1" failed="0" skipped="0">
  <reporter-output>
  </reporter-output>
  <suite started-at="2022-02-18T09:40:15 PST" name="Default suite" finished-at="2022-02-18T09:40:51 PST" duration-ms="35879">
    <groups>
    </groups>
    <test started-at="2022-02-18T09:40:15 PST" name="Default test" finished-at="2022-02-18T09:40:51 PST" duration-ms="35879">
      <class name="Test.Registrationtest">
        <test-method signature="login()[pri:2, instance:Test.Registrationtest@4eed2acf]" started-at="2022-02-18T09:40:15 PST" name="login" finished-at="2022-02-18T09:40:51 PST" duration-ms="35811" status="PASS">
          <reporter-output>
          </reporter-output>
        </test-method> <!-- login -->
      </class> <!-- Test.Registrationtest -->
    </test> <!-- Default test -->
  </suite> <!-- Default suite -->
</testng-results>
